<?xml version="1.0" encoding="UTF-8"?>
<!-- Generated by org.testng.reporters.JUnitReportReporter -->
<testsuite hostname="Yunuss-MacBook-Pro.local" failures="0" tests="1" name="com.clasSe12.BrokenLinksDemo" time="7.249" errors="0" timestamp="02 Jun 2019 17:02:25 GMT" skipped="0">
  <testcase classname="com.clasSe12.BrokenLinksDemo" name="brokenLinksVerification" time="7.249"/>
</testsuite> <!-- com.clasSe12.BrokenLinksDemo -->
