<?xml version="1.0" encoding="UTF-8"?>
<!-- Generated by org.testng.reporters.JUnitReportReporter -->
<testsuite hostname="Yunuss-MacBook-Pro.local" failures="0" tests="1" name="com.clasSe12.TasksBrokenLinks" time="82.261" errors="0" timestamp="03 Jun 2019 03:36:00 GMT" skipped="0">
  <testcase classname="com.clasSe12.TasksBrokenLinks" name="aaBrokeLinks" time="82.261"/>
</testsuite> <!-- com.clasSe12.TasksBrokenLinks -->
