<?xml version="1.0" encoding="UTF-8"?>
<!-- Generated by org.testng.reporters.JUnitReportReporter -->
<testsuite hostname="Yunuss-MacBook-Pro.local" failures="0" tests="1" name="jsExecutor.captureScrapeData" time="3.677" errors="0" timestamp="02 Jun 2019 03:33:47 GMT" skipped="0">
  <testcase classname="jsExecutor.captureScrapeData" name="Login" time="3.677"/>
</testsuite> <!-- jsExecutor.captureScrapeData -->
