<?xml version="1.0" encoding="UTF-8"?>
<!-- Generated by org.testng.reporters.JUnitReportReporter -->
<testsuite hostname="Yunuss-MacBook-Pro.local" failures="0" tests="1" name="com.clasSe12.TaskPropertiesFile" time="3.309" errors="0" timestamp="02 Jun 2019 18:28:50 GMT" skipped="0">
  <testcase classname="com.clasSe12.TaskPropertiesFile" name="loginOrangeHRM" time="3.309"/>
</testsuite> <!-- com.clasSe12.TaskPropertiesFile -->
