<?xml version="1.0" encoding="UTF-8"?>
<!-- Generated by org.testng.reporters.JUnitReportReporter -->
<testsuite hostname="Yunuss-MacBook-Pro.local" failures="0" tests="1" name="com.clasSe12.ReadingPropertyFile" time="1.996" errors="0" timestamp="02 Jun 2019 18:00:07 GMT" skipped="0">
  <testcase classname="com.clasSe12.ReadingPropertyFile" name="readFile" time="1.996"/>
</testsuite> <!-- com.clasSe12.ReadingPropertyFile -->
