<?xml version="1.0" encoding="UTF-8"?>
<!-- Generated by org.testng.reporters.JUnitReportReporter -->
<testsuite hostname="Yunuss-MacBook-Pro.local" failures="0" tests="1" name="homeWork.HomeWorkAboutWindowOnMay21" time="5.589" errors="0" timestamp="05 Jun 2019 03:18:13 GMT" skipped="0">
  <testcase classname="homeWork.HomeWorkAboutWindowOnMay21" name="windows" time="5.589"/>
</testsuite> <!-- homeWork.HomeWorkAboutWindowOnMay21 -->
